<?xml version="1.0" encoding="UTF-8"?>
<testsuite xmlns:xsi="http://www.w3.org/2001/XMLSchema-instance" xsi:noNamespaceSchemaLocation="https://maven.apache.org/surefire/maven-surefire-plugin/xsd/surefire-test-report-3.0.xsd" version="3.0" name="practice.project.splitwise.SplitwiseApplicationTests" time="10.976" tests="1" errors="0" skipped="0" failures="0">
  <properties>
[...]
</properties>
  <testcase name="contextLoads" classname="practice.project.splitwise.SplitwiseApplicationTests" time="1.012">
    <system-out><![CDATA[20:22:01.704 [main] INFO org.springframework.test.context.support.AnnotationConfigContextLoaderUtils -- Could not detect default configuration classes for test class [practice.project.splitwise.SplitwiseApplicationTests]: SplitwiseApplicationTests does not declare any static, non-private, non-final, nested classes annotated with @Configuration.
20:22:01.819 [main] INFO org.springframework.boot.test.context.SpringBootTestContextBootstrapper -- Found @SpringBootConfiguration practice.project.splitwise.SplitwiseApplication for test class practice.project.splitwise.SplitwiseApplicationTests

  .   ____          _            __ _ _
 /\\ / ___'_ __ _ _(_)_ __  __ _ \ \ \ \
( ( )\___ | '_ | '_| | '_ \/ _` | \ \ \ \
 \\/  ___)| |_)| | | | | || (_| |  ) ) ) )
  '  |____| .__|_| |_|_| |_\__, | / / / /
 =========|_|==============|___/=/_/_/_/
 :: Spring Boot ::                (v3.1.5)

2025-07-28T20:22:02.268+05:30  INFO 3200 --- [           main] p.p.splitwise.SplitwiseApplicationTests  : Starting SplitwiseApplicationTests using Java 21.0.8 with PID 3200 (started by arpan in D:\Split Wise Clone\splitwise\backend)
2025-07-28T20:22:02.269+05:30  INFO 3200 --- [           main] p.p.splitwise.SplitwiseApplicationTests  : No active profile set, falling back to 1 default profile: "default"
2025-07-28T20:22:03.239+05:30  INFO 3200 --- [           main] .s.d.r.c.RepositoryConfigurationDelegate : Bootstrapping Spring Data JPA repositories in DEFAULT mode.
2025-07-28T20:22:03.358+05:30  INFO 3200 --- [           main] .s.d.r.c.RepositoryConfigurationDelegate : Finished Spring Data repository scanning in 111 ms. Found 5 JPA repository interfaces.
2025-07-28T20:22:04.429+05:30  INFO 3200 --- [           main] o.hibernate.jpa.internal.util.LogHelper  : HHH000204: Processing PersistenceUnitInfo [name: default]
2025-07-28T20:22:04.528+05:30  INFO 3200 --- [           main] org.hibernate.Version                    : HHH000412: Hibernate ORM core version 6.2.13.Final
2025-07-28T20:22:04.534+05:30  INFO 3200 --- [           main] org.hibernate.cfg.Environment            : HHH000406: Using bytecode reflection optimizer
2025-07-28T20:22:04.905+05:30  INFO 3200 --- [           main] o.s.o.j.p.SpringPersistenceUnitInfo      : No LoadTimeWeaver setup: ignoring JPA class transformer
2025-07-28T20:22:04.972+05:30  INFO 3200 --- [           main] com.zaxxer.hikari.HikariDataSource       : HikariPool-1 - Starting...
2025-07-28T20:22:05.275+05:30  INFO 3200 --- [           main] com.zaxxer.hikari.pool.HikariPool        : HikariPool-1 - Added connection org.postgresql.jdbc.PgConnection@12209826
2025-07-28T20:22:05.278+05:30  INFO 3200 --- [           main] com.zaxxer.hikari.HikariDataSource       : HikariPool-1 - Start completed.
2025-07-28T20:22:05.317+05:30  WARN 3200 --- [           main] org.hibernate.orm.deprecation            : HHH90000025: PostgreSQLDialect does not need to be specified explicitly using 'hibernate.dialect' (remove the property setting and it will be selected by default)
2025-07-28T20:22:06.651+05:30  INFO 3200 --- [           main] o.h.e.t.j.p.i.JtaPlatformInitiator       : HHH000489: No JTA platform available (set 'hibernate.transaction.jta.platform' to enable JTA platform integration)
Hibernate: 
    create table Budget (
        id integer not null,
        createDate timestamp(6),
        updateDate timestamp(6),
        amountSpent float(53) not null,
        category varchar(255) not null,
        isActive boolean not null,
        month integer not null,
        monthlyLimit float(53) not null,
        year integer not null,
        userId integer,
        primary key (id)
    )
Hibernate: 
    create table Expense (
        id integer not null,
        createDate timestamp(6),
        updateDate timestamp(6),
        amount float(53) not null,
        category varchar(255),
        description varchar(255),
        interval varchar(255),
        isSettled smallint check (isSettled between 0 and 1),
        nextDueDate timestamp(6),
        notes varchar(255),
        recurring boolean,
        splitType varchar(255),
        timestamp timestamp(6),
        paidBy_id integer,
        primary key (id)
    )
Hibernate: 
    create table Expense_amountSplit (
        Expense_id integer not null,
        amountSplit_id integer not null
    )
Hibernate: 
    create table user_group_mapping (
        group_id integer not null,
        user_id integer not null
    )
Hibernate: 
    create table Users (
        id integer not null,
        createDate timestamp(6),
        updateDate timestamp(6),
        mail varchar(255),
        name varchar(255),
        password varchar(255),
        primary key (id)
    )
Hibernate: 
    create table UsersGroup (
        id integer not null,
        createDate timestamp(6),
        updateDate timestamp(6),
        defaultCurrency varchar(255) check (defaultCurrency in ('INR','DOLLAR','POUND','DINNAR','EURO','YEN')),
        description varchar(255),
        isSettled varchar(255) check (isSettled in ('SETTLED','NOT_SETTLED')),
        name varchar(255),
        totalAmountSpent float(53) not null,
        primary key (id)
    )
Hibernate: 
    create table UsersGroup_expenses (
        UsersGroup_id integer not null,
        expenses_id integer not null
    )
Hibernate: 
    create table UsersSplit (
        id integer not null,
        createDate timestamp(6),
        updateDate timestamp(6),
        amount float(53) not null,
        percentage float(53),
        shares integer,
        user_id integer,
        primary key (id)
    )
Hibernate: 
    alter table if exists Expense_amountSplit 
       drop constraint if exists UK_35aef0rpkjpgxs8oebif4pg9l
2025-07-28T20:22:06.731+05:30  WARN 3200 --- [           main] o.h.engine.jdbc.spi.SqlExceptionHelper   : SQL Warning Code: 0, SQLState: 00000
2025-07-28T20:22:06.731+05:30  WARN 3200 --- [           main] o.h.engine.jdbc.spi.SqlExceptionHelper   : constraint "uk_35aef0rpkjpgxs8oebif4pg9l" of relation "expense_amountsplit" does not exist, skipping
Hibernate: 
    alter table if exists Expense_amountSplit 
       add constraint UK_35aef0rpkjpgxs8oebif4pg9l unique (amountSplit_id)
Hibernate: 
    alter table if exists UsersGroup_expenses 
       drop constraint if exists UK_sfnhxygy46twjgtd36qrwyi8
2025-07-28T20:22:06.734+05:30  WARN 3200 --- [           main] o.h.engine.jdbc.spi.SqlExceptionHelper   : SQL Warning Code: 0, SQLState: 00000
2025-07-28T20:22:06.734+05:30  WARN 3200 --- [           main] o.h.engine.jdbc.spi.SqlExceptionHelper   : constraint "uk_sfnhxygy46twjgtd36qrwyi8" of relation "usersgroup_expenses" does not exist, skipping
Hibernate: 
    alter table if exists UsersGroup_expenses 
       add constraint UK_sfnhxygy46twjgtd36qrwyi8 unique (expenses_id)
Hibernate: 
    create sequence Budget_SEQ start with 1 increment by 50
Hibernate: 
    create sequence Expense_SEQ start with 1 increment by 50
Hibernate: 
    create sequence Users_SEQ start with 1 increment by 50
Hibernate: 
    create sequence UsersGroup_SEQ start with 1 increment by 50
Hibernate: 
    create sequence UsersSplit_SEQ start with 1 increment by 50
Hibernate: 
    alter table if exists Budget 
       add constraint FK3lw7o9emskqp7plw4babsqolv 
       foreign key (userId) 
       references Users
Hibernate: 
    alter table if exists Expense 
       add constraint FK4lt2kbh36yekha2cf3tp63mlb 
       foreign key (paidBy_id) 
       references Users
Hibernate: 
    alter table if exists Expense_amountSplit 
       add constraint FKrrbt66471hlhqnc4cb7xio9bj 
       foreign key (amountSplit_id) 
       references UsersSplit
Hibernate: 
    alter table if exists Expense_amountSplit 
       add constraint FK28owpiivwj8hysi9ppp70f2fy 
       foreign key (Expense_id) 
       references Expense
Hibernate: 
    alter table if exists user_group_mapping 
       add constraint FKqyvefxn32w6le1x7debenck8g 
       foreign key (user_id) 
       references Users
Hibernate: 
    alter table if exists user_group_mapping 
       add constraint FKofu08lete5kmt8gxhreu1wiom 
       foreign key (group_id) 
       references UsersGroup
Hibernate: 
    alter table if exists UsersGroup_expenses 
       add constraint FKg1xw1utd5vyibyx6lhb7nfs5n 
       foreign key (expenses_id) 
       references Expense
Hibernate: 
    alter table if exists UsersGroup_expenses 
       add constraint FKix8f3pex9dsdqisfhcprypfso 
       foreign key (UsersGroup_id) 
       references UsersGroup
Hibernate: 
    alter table if exists UsersSplit 
       add constraint FKfqy6gmad6xidt24xky5ft67gf 
       foreign key (user_id) 
       references Users
2025-07-28T20:22:06.766+05:30  INFO 3200 --- [           main] j.LocalContainerEntityManagerFactoryBean : Initialized JPA EntityManagerFactory for persistence unit 'default'
2025-07-28T20:22:08.045+05:30  INFO 3200 --- [           main] o.s.d.j.r.query.QueryEnhancerFactory     : Hibernate is in classpath; If applicable, HQL parser will be used.
2025-07-28T20:22:09.704+05:30  WARN 3200 --- [           main] JpaBaseConfiguration$JpaWebConfiguration : spring.jpa.open-in-view is enabled by default. Therefore, database queries may be performed during view rendering. Explicitly configure spring.jpa.open-in-view to disable this warning
2025-07-28T20:22:09.900+05:30  INFO 3200 --- [           main] o.s.s.web.DefaultSecurityFilterChain     : Will secure any request with [org.springframework.security.web.session.DisableEncodeUrlFilter@34c31a34, org.springframework.security.web.context.request.async.WebAsyncManagerIntegrationFilter@6b5f91a5, org.springframework.security.web.context.SecurityContextHolderFilter@4528a871, org.springframework.security.web.header.HeaderWriterFilter@44bbf5e3, org.springframework.security.web.authentication.logout.LogoutFilter@2f26634a, practice.project.splitwise.config.JwtAuthenticationFilter@60256d1b, org.springframework.security.web.savedrequest.RequestCacheAwareFilter@357f0cc9, org.springframework.security.web.servletapi.SecurityContextHolderAwareRequestFilter@16bed816, org.springframework.security.web.authentication.AnonymousAuthenticationFilter@375dc95c, org.springframework.security.web.session.SessionManagementFilter@3c5095df, org.springframework.security.web.access.ExceptionTranslationFilter@3b538e2a, org.springframework.security.web.access.intercept.AuthorizationFilter@70f5f6c7]
2025-07-28T20:22:11.377+05:30  INFO 3200 --- [           main] p.p.splitwise.SplitwiseApplicationTests  : Started SplitwiseApplicationTests in 9.397 seconds (process running for 10.45)
Runner from commandLine
Runner from commandLine finished
]]></system-out>
    <system-err><![CDATA[WARNING: A Java agent has been loaded dynamically (C:\Users\arpan\.m2\repository\net\bytebuddy\byte-buddy-agent\1.14.9\byte-buddy-agent-1.14.9.jar)
WARNING: If a serviceability tool is in use, please run with -XX:+EnableDynamicAgentLoading to hide this warning
WARNING: If a serviceability tool is not in use, please run with -Djdk.instrument.traceUsage for more information
WARNING: Dynamic loading of agents will be disallowed by default in a future release
]]></system-err>
  </testcase>
</testsuite>